000 (1297359.000.000) 10/10 19:27:08 Job submitted from host: <192.168.63.249:41533>
...
001 (1297359.000.000) 10/10 19:27:18 Job executing on host: <192.168.63.241:42920>
...
006 (1297359.000.000) 10/10 19:27:27 Image size of job updated: 155452
	50  -  MemoryUsage of job (MB)
	50728  -  ResidentSetSize of job (KB)
...
006 (1297359.000.000) 10/10 19:32:28 Image size of job updated: 283644
	157  -  MemoryUsage of job (MB)
	160592  -  ResidentSetSize of job (KB)
...
006 (1297359.000.000) 10/10 20:17:32 Image size of job updated: 284456
	160  -  MemoryUsage of job (MB)
	163288  -  ResidentSetSize of job (KB)
...
005 (1297359.000.000) 10/10 20:20:01 Job terminated.
	(1) Normal termination (return value 0)
		Usr 0 00:52:03, Sys 0 00:00:03  -  Run Remote Usage
		Usr 0 00:00:00, Sys 0 00:00:00  -  Run Local Usage
		Usr 0 00:52:03, Sys 0 00:00:03  -  Total Remote Usage
		Usr 0 00:00:00, Sys 0 00:00:00  -  Total Local Usage
	1631  -  Run Bytes Sent By Job
	323  -  Run Bytes Received By Job
	1631  -  Total Bytes Sent By Job
	323  -  Total Bytes Received By Job
	Partitionable Resources :    Usage  Request Allocated
	   Cpus                 :                 1         1
	   Disk (KB)            :     1101        1   3824522
	   Memory (MB)          :      160     3072      3072
...
