000 (1297373.000.000) 10/10 19:27:08 Job submitted from host: <192.168.63.249:41533>
...
001 (1297373.000.000) 10/10 19:27:18 Job executing on host: <192.168.63.240:42701>
...
006 (1297373.000.000) 10/10 19:27:27 Image size of job updated: 1
	3  -  MemoryUsage of job (MB)
	2260  -  ResidentSetSize of job (KB)
...
006 (1297373.000.000) 10/10 19:32:28 Image size of job updated: 282888
	159  -  MemoryUsage of job (MB)
	161852  -  ResidentSetSize of job (KB)
...
006 (1297373.000.000) 10/10 20:17:32 Image size of job updated: 283964
	159  -  MemoryUsage of job (MB)
	162748  -  ResidentSetSize of job (KB)
...
005 (1297373.000.000) 10/10 20:22:08 Job terminated.
	(1) Normal termination (return value 0)
		Usr 0 00:54:27, Sys 0 00:00:00  -  Run Remote Usage
		Usr 0 00:00:00, Sys 0 00:00:00  -  Run Local Usage
		Usr 0 00:54:27, Sys 0 00:00:00  -  Total Remote Usage
		Usr 0 00:00:00, Sys 0 00:00:00  -  Total Local Usage
	1631  -  Run Bytes Sent By Job
	323  -  Run Bytes Received By Job
	1631  -  Total Bytes Sent By Job
	323  -  Total Bytes Received By Job
	Partitionable Resources :    Usage  Request Allocated
	   Cpus                 :                 1         1
	   Disk (KB)            :     1097        1   3824812
	   Memory (MB)          :      159     3072      3072
...
