000 (1297369.000.000) 10/10 19:27:08 Job submitted from host: <192.168.63.249:41533>
...
001 (1297369.000.000) 10/10 19:27:18 Job executing on host: <192.168.63.233:40949>
...
006 (1297369.000.000) 10/10 19:27:26 Image size of job updated: 1
	3  -  MemoryUsage of job (MB)
	2268  -  ResidentSetSize of job (KB)
...
006 (1297369.000.000) 10/10 19:32:26 Image size of job updated: 282732
	161  -  MemoryUsage of job (MB)
	164052  -  ResidentSetSize of job (KB)
...
006 (1297369.000.000) 10/10 20:12:31 Image size of job updated: 283800
	162  -  MemoryUsage of job (MB)
	164924  -  ResidentSetSize of job (KB)
...
005 (1297369.000.000) 10/10 20:15:51 Job terminated.
	(1) Normal termination (return value 0)
		Usr 0 00:48:18, Sys 0 00:00:00  -  Run Remote Usage
		Usr 0 00:00:00, Sys 0 00:00:00  -  Run Local Usage
		Usr 0 00:48:18, Sys 0 00:00:00  -  Total Remote Usage
		Usr 0 00:00:00, Sys 0 00:00:00  -  Total Local Usage
	1631  -  Run Bytes Sent By Job
	323  -  Run Bytes Received By Job
	1631  -  Total Bytes Sent By Job
	323  -  Total Bytes Received By Job
	Partitionable Resources :    Usage  Request Allocated
	   Cpus                 :                 1         1
	   Disk (KB)            :     1095        1   3824816
	   Memory (MB)          :      162     3072      3072
...
