000 (1297371.000.000) 10/10 19:27:08 Job submitted from host: <192.168.63.249:41533>
...
001 (1297371.000.000) 10/10 19:27:18 Job executing on host: <192.168.63.228:44891>
...
006 (1297371.000.000) 10/10 19:27:26 Image size of job updated: 1
	3  -  MemoryUsage of job (MB)
	2272  -  ResidentSetSize of job (KB)
...
006 (1297371.000.000) 10/10 19:32:26 Image size of job updated: 283788
	159  -  MemoryUsage of job (MB)
	162508  -  ResidentSetSize of job (KB)
...
006 (1297371.000.000) 10/10 20:17:30 Image size of job updated: 284596
	159  -  MemoryUsage of job (MB)
	162508  -  ResidentSetSize of job (KB)
...
005 (1297371.000.000) 10/10 20:19:22 Job terminated.
	(1) Normal termination (return value 0)
		Usr 0 00:51:35, Sys 0 00:00:00  -  Run Remote Usage
		Usr 0 00:00:00, Sys 0 00:00:00  -  Run Local Usage
		Usr 0 00:51:35, Sys 0 00:00:00  -  Total Remote Usage
		Usr 0 00:00:00, Sys 0 00:00:00  -  Total Local Usage
	1633  -  Run Bytes Sent By Job
	323  -  Run Bytes Received By Job
	1633  -  Total Bytes Sent By Job
	323  -  Total Bytes Received By Job
	Partitionable Resources :    Usage  Request Allocated
	   Cpus                 :                 1         1
	   Disk (KB)            :     1101        1   3824814
	   Memory (MB)          :      159     3072      3072
...
