000 (1297362.000.000) 10/10 19:27:08 Job submitted from host: <192.168.63.249:41533>
...
001 (1297362.000.000) 10/10 19:27:18 Job executing on host: <192.168.63.239:46789>
...
006 (1297362.000.000) 10/10 19:27:26 Image size of job updated: 34008
	3  -  MemoryUsage of job (MB)
	2976  -  ResidentSetSize of job (KB)
...
006 (1297362.000.000) 10/10 19:32:26 Image size of job updated: 283448
	158  -  MemoryUsage of job (MB)
	161444  -  ResidentSetSize of job (KB)
...
006 (1297362.000.000) 10/10 20:17:30 Image size of job updated: 284276
	158  -  MemoryUsage of job (MB)
	161444  -  ResidentSetSize of job (KB)
...
005 (1297362.000.000) 10/10 20:20:32 Job terminated.
	(1) Normal termination (return value 0)
		Usr 0 00:52:57, Sys 0 00:00:00  -  Run Remote Usage
		Usr 0 00:00:00, Sys 0 00:00:00  -  Run Local Usage
		Usr 0 00:52:57, Sys 0 00:00:00  -  Total Remote Usage
		Usr 0 00:00:00, Sys 0 00:00:00  -  Total Local Usage
	1629  -  Run Bytes Sent By Job
	322  -  Run Bytes Received By Job
	1629  -  Total Bytes Sent By Job
	322  -  Total Bytes Received By Job
	Partitionable Resources :    Usage  Request Allocated
	   Cpus                 :                 1         1
	   Disk (KB)            :     1095        1   3824504
	   Memory (MB)          :      158     3072      3072
...
