000 (1297376.000.000) 10/10 19:27:08 Job submitted from host: <192.168.63.249:41533>
...
001 (1297376.000.000) 10/10 19:27:18 Job executing on host: <192.168.63.243:49490>
...
006 (1297376.000.000) 10/10 19:27:27 Image size of job updated: 1
	3  -  MemoryUsage of job (MB)
	2268  -  ResidentSetSize of job (KB)
...
006 (1297376.000.000) 10/10 19:32:28 Image size of job updated: 283528
	162  -  MemoryUsage of job (MB)
	165732  -  ResidentSetSize of job (KB)
...
010 (1297376.000.000) 10/10 19:55:02 Job was suspended.
	Number of processes actually suspended: 3
...
011 (1297376.000.000) 10/10 19:55:22 Job was unsuspended.
...
006 (1297376.000.000) 10/10 20:12:32 Image size of job updated: 284352
	163  -  MemoryUsage of job (MB)
	166648  -  ResidentSetSize of job (KB)
...
005 (1297376.000.000) 10/10 20:16:08 Job terminated.
	(1) Normal termination (return value 0)
		Usr 0 00:47:57, Sys 0 00:00:02  -  Run Remote Usage
		Usr 0 00:00:00, Sys 0 00:00:00  -  Run Local Usage
		Usr 0 00:47:57, Sys 0 00:00:02  -  Total Remote Usage
		Usr 0 00:00:00, Sys 0 00:00:00  -  Total Local Usage
	1629  -  Run Bytes Sent By Job
	322  -  Run Bytes Received By Job
	1629  -  Total Bytes Sent By Job
	322  -  Total Bytes Received By Job
	Partitionable Resources :    Usage  Request Allocated
	   Cpus                 :                 1         1
	   Disk (KB)            :     1100        1   3824816
	   Memory (MB)          :      163     3072      3072
...
