000 (1297366.000.000) 10/10 19:27:08 Job submitted from host: <192.168.63.249:41533>
...
001 (1297366.000.000) 10/10 19:27:18 Job executing on host: <192.168.63.235:42190>
...
006 (1297366.000.000) 10/10 19:27:26 Image size of job updated: 1
	3  -  MemoryUsage of job (MB)
	2268  -  ResidentSetSize of job (KB)
...
006 (1297366.000.000) 10/10 19:32:26 Image size of job updated: 283420
	159  -  MemoryUsage of job (MB)
	162116  -  ResidentSetSize of job (KB)
...
006 (1297366.000.000) 10/10 20:17:30 Image size of job updated: 284232
	160  -  MemoryUsage of job (MB)
	163020  -  ResidentSetSize of job (KB)
...
005 (1297366.000.000) 10/10 20:19:09 Job terminated.
	(1) Normal termination (return value 0)
		Usr 0 00:51:31, Sys 0 00:00:03  -  Run Remote Usage
		Usr 0 00:00:00, Sys 0 00:00:00  -  Run Local Usage
		Usr 0 00:51:31, Sys 0 00:00:03  -  Total Remote Usage
		Usr 0 00:00:00, Sys 0 00:00:00  -  Total Local Usage
	1629  -  Run Bytes Sent By Job
	322  -  Run Bytes Received By Job
	1629  -  Total Bytes Sent By Job
	322  -  Total Bytes Received By Job
	Partitionable Resources :    Usage  Request Allocated
	   Cpus                 :                 1         1
	   Disk (KB)            :     1095        1   3824497
	   Memory (MB)          :      160     3072      3072
...
