000 (1297372.000.000) 10/10 19:27:08 Job submitted from host: <192.168.63.249:41533>
...
001 (1297372.000.000) 10/10 19:27:18 Job executing on host: <192.168.63.238:41168>
...
006 (1297372.000.000) 10/10 19:27:27 Image size of job updated: 1
	3  -  MemoryUsage of job (MB)
	2264  -  ResidentSetSize of job (KB)
...
006 (1297372.000.000) 10/10 19:32:28 Image size of job updated: 283292
	161  -  MemoryUsage of job (MB)
	164256  -  ResidentSetSize of job (KB)
...
006 (1297372.000.000) 10/10 20:12:32 Image size of job updated: 284104
	162  -  MemoryUsage of job (MB)
	165008  -  ResidentSetSize of job (KB)
...
005 (1297372.000.000) 10/10 20:15:41 Job terminated.
	(1) Normal termination (return value 0)
		Usr 0 00:47:58, Sys 0 00:00:03  -  Run Remote Usage
		Usr 0 00:00:00, Sys 0 00:00:00  -  Run Local Usage
		Usr 0 00:47:58, Sys 0 00:00:03  -  Total Remote Usage
		Usr 0 00:00:00, Sys 0 00:00:00  -  Total Local Usage
	1633  -  Run Bytes Sent By Job
	323  -  Run Bytes Received By Job
	1633  -  Total Bytes Sent By Job
	323  -  Total Bytes Received By Job
	Partitionable Resources :    Usage  Request Allocated
	   Cpus                 :                 1         1
	   Disk (KB)            :     1097        1   3824816
	   Memory (MB)          :      162     3072      3072
...
