000 (1297360.000.000) 10/10 19:27:08 Job submitted from host: <192.168.63.249:41533>
...
001 (1297360.000.000) 10/10 19:27:18 Job executing on host: <192.168.63.240:42701>
...
006 (1297360.000.000) 10/10 19:27:26 Image size of job updated: 11336
	2  -  MemoryUsage of job (MB)
	1144  -  ResidentSetSize of job (KB)
...
006 (1297360.000.000) 10/10 19:32:26 Image size of job updated: 282744
	158  -  MemoryUsage of job (MB)
	161624  -  ResidentSetSize of job (KB)
...
006 (1297360.000.000) 10/10 20:17:31 Image size of job updated: 283824
	158  -  MemoryUsage of job (MB)
	161624  -  ResidentSetSize of job (KB)
...
005 (1297360.000.000) 10/10 20:21:58 Job terminated.
	(1) Normal termination (return value 0)
		Usr 0 00:54:12, Sys 0 00:00:05  -  Run Remote Usage
		Usr 0 00:00:00, Sys 0 00:00:00  -  Run Local Usage
		Usr 0 00:54:12, Sys 0 00:00:05  -  Total Remote Usage
		Usr 0 00:00:00, Sys 0 00:00:00  -  Total Local Usage
	1631  -  Run Bytes Sent By Job
	323  -  Run Bytes Received By Job
	1631  -  Total Bytes Sent By Job
	323  -  Total Bytes Received By Job
	Partitionable Resources :    Usage  Request Allocated
	   Cpus                 :                 1         1
	   Disk (KB)            :     1095        1   3824812
	   Memory (MB)          :      158     3072      3072
...
