000 (1295359.000.000) 10/09 22:41:04 Job submitted from host: <192.168.63.249:41533>
...
001 (1295359.000.000) 10/09 22:41:05 Job executing on host: <192.168.63.239:46789>
...
006 (1295359.000.000) 10/09 22:41:14 Image size of job updated: 11336
	2  -  MemoryUsage of job (MB)
	1236  -  ResidentSetSize of job (KB)
...
006 (1295359.000.000) 10/09 22:46:15 Image size of job updated: 283676
	142  -  MemoryUsage of job (MB)
	144556  -  ResidentSetSize of job (KB)
...
006 (1295359.000.000) 10/10 00:01:23 Image size of job updated: 283676
	142  -  MemoryUsage of job (MB)
	144640  -  ResidentSetSize of job (KB)
...
006 (1295359.000.000) 10/10 19:48:26 Image size of job updated: 297936
	158  -  MemoryUsage of job (MB)
	161032  -  ResidentSetSize of job (KB)
...
005 (1295359.000.000) 10/10 19:53:27 Job terminated.
	(1) Normal termination (return value 0)
		Usr 0 21:10:04, Sys 0 00:00:05  -  Run Remote Usage
		Usr 0 00:00:00, Sys 0 00:00:00  -  Run Local Usage
		Usr 0 21:10:04, Sys 0 00:00:05  -  Total Remote Usage
		Usr 0 00:00:00, Sys 0 00:00:00  -  Total Local Usage
	1596  -  Run Bytes Sent By Job
	307  -  Run Bytes Received By Job
	1596  -  Total Bytes Sent By Job
	307  -  Total Bytes Received By Job
	Partitionable Resources :    Usage  Request Allocated
	   Cpus                 :                 1         1
	   Disk (KB)            :    31691        1   3824810
	   Memory (MB)          :      158     3072      3072
...
