000 (1295365.000.000) 10/09 22:41:04 Job submitted from host: <192.168.63.249:41533>
...
001 (1295365.000.000) 10/09 22:41:26 Job executing on host: <192.168.63.235:42190>
...
006 (1295365.000.000) 10/09 22:41:34 Image size of job updated: 175440
	75  -  MemoryUsage of job (MB)
	75920  -  ResidentSetSize of job (KB)
...
006 (1295365.000.000) 10/09 22:46:34 Image size of job updated: 283404
	163  -  MemoryUsage of job (MB)
	165980  -  ResidentSetSize of job (KB)
...
006 (1295365.000.000) 10/10 18:33:37 Image size of job updated: 297936
	163  -  MemoryUsage of job (MB)
	165980  -  ResidentSetSize of job (KB)
...
005 (1295365.000.000) 10/10 18:42:25 Job terminated.
	(1) Normal termination (return value 0)
		Usr 0 19:59:19, Sys 0 00:00:00  -  Run Remote Usage
		Usr 0 00:00:00, Sys 0 00:00:00  -  Run Local Usage
		Usr 0 19:59:19, Sys 0 00:00:00  -  Total Remote Usage
		Usr 0 00:00:00, Sys 0 00:00:00  -  Total Local Usage
	1594  -  Run Bytes Sent By Job
	307  -  Run Bytes Received By Job
	1594  -  Total Bytes Sent By Job
	307  -  Total Bytes Received By Job
	Partitionable Resources :    Usage  Request Allocated
	   Cpus                 :                 1         1
	   Disk (KB)            :    31721        1   3824810
	   Memory (MB)          :      163     3072      3072
...
