000 (1295364.000.000) 10/09 22:41:04 Job submitted from host: <192.168.63.249:41533>
...
001 (1295364.000.000) 10/09 22:41:26 Job executing on host: <192.168.63.239:46789>
...
006 (1295364.000.000) 10/09 22:41:34 Image size of job updated: 188484
	86  -  MemoryUsage of job (MB)
	87772  -  ResidentSetSize of job (KB)
...
006 (1295364.000.000) 10/09 22:46:34 Image size of job updated: 282008
	161  -  MemoryUsage of job (MB)
	164492  -  ResidentSetSize of job (KB)
...
006 (1295364.000.000) 10/10 17:48:34 Image size of job updated: 297588
	161  -  MemoryUsage of job (MB)
	164492  -  ResidentSetSize of job (KB)
...
005 (1295364.000.000) 10/10 18:01:59 Job terminated.
	(1) Normal termination (return value 0)
		Usr 0 19:18:54, Sys 0 00:00:00  -  Run Remote Usage
		Usr 0 00:00:00, Sys 0 00:00:00  -  Run Local Usage
		Usr 0 19:18:54, Sys 0 00:00:00  -  Total Remote Usage
		Usr 0 00:00:00, Sys 0 00:00:00  -  Total Local Usage
	1596  -  Run Bytes Sent By Job
	307  -  Run Bytes Received By Job
	1596  -  Total Bytes Sent By Job
	307  -  Total Bytes Received By Job
	Partitionable Resources :    Usage  Request Allocated
	   Cpus                 :                 1         1
	   Disk (KB)            :    31818        1   3824810
	   Memory (MB)          :      161     3072      3072
...
