000 (1295360.000.000) 10/09 22:41:04 Job submitted from host: <192.168.63.249:41533>
...
001 (1295360.000.000) 10/09 22:41:05 Job executing on host: <192.168.63.235:42190>
...
006 (1295360.000.000) 10/09 22:41:14 Image size of job updated: 188480
	86  -  MemoryUsage of job (MB)
	87972  -  ResidentSetSize of job (KB)
...
006 (1295360.000.000) 10/09 22:46:15 Image size of job updated: 282768
	141  -  MemoryUsage of job (MB)
	143800  -  ResidentSetSize of job (KB)
...
006 (1295360.000.000) 10/10 00:01:22 Image size of job updated: 282768
	141  -  MemoryUsage of job (MB)
	143884  -  ResidentSetSize of job (KB)
...
006 (1295360.000.000) 10/10 19:28:26 Image size of job updated: 297264
	154  -  MemoryUsage of job (MB)
	157480  -  ResidentSetSize of job (KB)
...
005 (1295360.000.000) 10/10 19:33:15 Job terminated.
	(1) Normal termination (return value 0)
		Usr 0 20:50:23, Sys 0 00:00:00  -  Run Remote Usage
		Usr 0 00:00:00, Sys 0 00:00:00  -  Run Local Usage
		Usr 0 20:50:23, Sys 0 00:00:00  -  Total Remote Usage
		Usr 0 00:00:00, Sys 0 00:00:00  -  Total Local Usage
	1594  -  Run Bytes Sent By Job
	307  -  Run Bytes Received By Job
	1594  -  Total Bytes Sent By Job
	307  -  Total Bytes Received By Job
	Partitionable Resources :    Usage  Request Allocated
	   Cpus                 :                 1         1
	   Disk (KB)            :    31864        1   3824811
	   Memory (MB)          :      154     3072      3072
...
