000 (1295363.000.000) 10/09 22:41:04 Job submitted from host: <192.168.63.249:41533>
...
001 (1295363.000.000) 10/09 22:41:05 Job executing on host: <192.168.63.239:46789>
...
006 (1295363.000.000) 10/09 22:41:14 Image size of job updated: 1
	3  -  MemoryUsage of job (MB)
	2248  -  ResidentSetSize of job (KB)
...
006 (1295363.000.000) 10/09 22:46:15 Image size of job updated: 282984
	141  -  MemoryUsage of job (MB)
	144356  -  ResidentSetSize of job (KB)
...
006 (1295363.000.000) 10/10 00:01:22 Image size of job updated: 282984
	142  -  MemoryUsage of job (MB)
	144440  -  ResidentSetSize of job (KB)
...
006 (1295363.000.000) 10/10 17:03:08 Image size of job updated: 297580
	158  -  MemoryUsage of job (MB)
	161468  -  ResidentSetSize of job (KB)
...
005 (1295363.000.000) 10/10 17:07:49 Job terminated.
	(1) Normal termination (return value 0)
		Usr 0 18:25:18, Sys 0 00:00:00  -  Run Remote Usage
		Usr 0 00:00:00, Sys 0 00:00:00  -  Run Local Usage
		Usr 0 18:25:18, Sys 0 00:00:00  -  Total Remote Usage
		Usr 0 00:00:00, Sys 0 00:00:00  -  Total Local Usage
	1596  -  Run Bytes Sent By Job
	307  -  Run Bytes Received By Job
	1596  -  Total Bytes Sent By Job
	307  -  Total Bytes Received By Job
	Partitionable Resources :    Usage  Request Allocated
	   Cpus                 :                 1         1
	   Disk (KB)            :    31872        1   3824810
	   Memory (MB)          :      158     3072      3072
...
