000 (1295369.000.000) 10/09 22:41:05 Job submitted from host: <192.168.63.249:41533>
...
001 (1295369.000.000) 10/09 22:41:26 Job executing on host: <192.168.63.230:40000>
...
006 (1295369.000.000) 10/09 22:41:34 Image size of job updated: 188484
	86  -  MemoryUsage of job (MB)
	87780  -  ResidentSetSize of job (KB)
...
006 (1295369.000.000) 10/09 22:46:34 Image size of job updated: 282760
	144  -  MemoryUsage of job (MB)
	147072  -  ResidentSetSize of job (KB)
...
006 (1295369.000.000) 10/10 00:01:41 Image size of job updated: 282760
	144  -  MemoryUsage of job (MB)
	147084  -  ResidentSetSize of job (KB)
...
006 (1295369.000.000) 10/10 21:33:57 Image size of job updated: 297248
	157  -  MemoryUsage of job (MB)
	159980  -  ResidentSetSize of job (KB)
...
005 (1295369.000.000) 10/10 21:39:12 Job terminated.
	(1) Normal termination (return value 0)
		Usr 0 22:51:14, Sys 0 00:04:02  -  Run Remote Usage
		Usr 0 00:00:00, Sys 0 00:00:00  -  Run Local Usage
		Usr 0 22:51:14, Sys 0 00:04:02  -  Total Remote Usage
		Usr 0 00:00:00, Sys 0 00:00:00  -  Total Local Usage
	1594  -  Run Bytes Sent By Job
	307  -  Run Bytes Received By Job
	1594  -  Total Bytes Sent By Job
	307  -  Total Bytes Received By Job
	Partitionable Resources :    Usage  Request Allocated
	   Cpus                 :                 1         1
	   Disk (KB)            :    31850        1   3824811
	   Memory (MB)          :      157     3072      3072
...
