000 (1295362.000.000) 10/09 22:41:04 Job submitted from host: <192.168.63.249:41533>
...
001 (1295362.000.000) 10/09 22:41:05 Job executing on host: <192.168.63.235:42190>
...
006 (1295362.000.000) 10/09 22:41:14 Image size of job updated: 188484
	86  -  MemoryUsage of job (MB)
	87284  -  ResidentSetSize of job (KB)
...
006 (1295362.000.000) 10/09 22:46:15 Image size of job updated: 283464
	141  -  MemoryUsage of job (MB)
	144040  -  ResidentSetSize of job (KB)
...
006 (1295362.000.000) 10/10 00:01:22 Image size of job updated: 283464
	141  -  MemoryUsage of job (MB)
	144124  -  ResidentSetSize of job (KB)
...
006 (1295362.000.000) 10/10 18:33:28 Image size of job updated: 297752
	156  -  MemoryUsage of job (MB)
	158748  -  ResidentSetSize of job (KB)
...
005 (1295362.000.000) 10/10 18:38:38 Job terminated.
	(1) Normal termination (return value 0)
		Usr 0 19:55:56, Sys 0 00:00:00  -  Run Remote Usage
		Usr 0 00:00:00, Sys 0 00:00:00  -  Run Local Usage
		Usr 0 19:55:56, Sys 0 00:00:00  -  Total Remote Usage
		Usr 0 00:00:00, Sys 0 00:00:00  -  Total Local Usage
	1590  -  Run Bytes Sent By Job
	306  -  Run Bytes Received By Job
	1590  -  Total Bytes Sent By Job
	306  -  Total Bytes Received By Job
	Partitionable Resources :    Usage  Request Allocated
	   Cpus                 :                 1         1
	   Disk (KB)            :    31866        1   3824811
	   Memory (MB)          :      156     3072      3072
...
