000 (1295366.000.000) 10/09 22:41:04 Job submitted from host: <192.168.63.249:41533>
...
001 (1295366.000.000) 10/09 22:41:26 Job executing on host: <192.168.63.226:40730>
...
006 (1295366.000.000) 10/09 22:41:34 Image size of job updated: 187452
	86  -  MemoryUsage of job (MB)
	87760  -  ResidentSetSize of job (KB)
...
006 (1295366.000.000) 10/09 22:46:34 Image size of job updated: 283460
	145  -  MemoryUsage of job (MB)
	147676  -  ResidentSetSize of job (KB)
...
006 (1295366.000.000) 10/10 00:01:41 Image size of job updated: 283460
	145  -  MemoryUsage of job (MB)
	147688  -  ResidentSetSize of job (KB)
...
006 (1295366.000.000) 10/10 17:08:25 Image size of job updated: 297692
	157  -  MemoryUsage of job (MB)
	160480  -  ResidentSetSize of job (KB)
...
005 (1295366.000.000) 10/10 17:13:13 Job terminated.
	(1) Normal termination (return value 0)
		Usr 0 18:30:24, Sys 0 00:00:00  -  Run Remote Usage
		Usr 0 00:00:00, Sys 0 00:00:00  -  Run Local Usage
		Usr 0 18:30:24, Sys 0 00:00:00  -  Total Remote Usage
		Usr 0 00:00:00, Sys 0 00:00:00  -  Total Local Usage
	1592  -  Run Bytes Sent By Job
	306  -  Run Bytes Received By Job
	1592  -  Total Bytes Sent By Job
	306  -  Total Bytes Received By Job
	Partitionable Resources :    Usage  Request Allocated
	   Cpus                 :                 1         1
	   Disk (KB)            :    31866        1   3824811
	   Memory (MB)          :      157     3072      3072
...
